<?xml version="1.0" encoding="UTF-8"?>
<!-- Generated by org.testng.reporters.JUnitXMLReporter -->
<testsuite ignored="0" hostname="IN-DCY1GK3" failures="0" tests="0" name="Surefire test" time="0.122" errors="0" timestamp="2023-12-04T15:43:36 IST">
  <testcase classname="io.cucumber.testng.AbstractTestNGCucumberTests" name="@BeforeClass setUpClass" time="0.084">
    <failure type="io.cucumber.core.exception.CucumberException" message="java.lang.NoClassDefFoundError: io/cucumber/core/internal/gherkin/ast/Node">
      <![CDATA[io.cucumber.core.exception.CucumberException: java.lang.NoClassDefFoundError: io/cucumber/core/internal/gherkin/ast/Node
at io.cucumber.core.plugin.PluginFactory.newInstance(PluginFactory.java:120)
at io.cucumber.core.plugin.PluginFactory.instantiate(PluginFactory.java:99)
at io.cucumber.core.plugin.PluginFactory.create(PluginFactory.java:63)
at io.cucumber.core.plugin.Plugins.createPlugins(Plugins.java:32)
at io.cucumber.core.plugin.Plugins.<init>(Plugins.java:25)
at io.cucumber.testng.TestNGCucumberRunner.<init>(TestNGCucumberRunner.java:108)
at io.cucumber.testng.AbstractTestNGCucumberTests.setUpClass(AbstractTestNGCucumberTests.java:27)
at java.base/java.util.ArrayList.forEach(ArrayList.java:1511)
Caused by: java.lang.NoClassDefFoundError: io/cucumber/core/internal/gherkin/ast/Node
at com.aventstack.extentreports.cucumber.adapter.ExtentCucumberAdapter.<init>(ExtentCucumberAdapter.java:94)
at io.cucumber.core.plugin.PluginFactory.newInstance(PluginFactory.java:116)
... 37 more
Caused by: java.lang.ClassNotFoundException: io.cucumber.core.internal.gherkin.ast.Node
at java.base/jdk.internal.loader.BuiltinClassLoader.loadClass(BuiltinClassLoader.java:641)
at java.base/jdk.internal.loader.ClassLoaders$AppClassLoader.loadClass(ClassLoaders.java:188)
at java.base/java.lang.ClassLoader.loadClass(ClassLoader.java:520)
... 44 more
... Removed 35 stack frames]]>
    </failure>
  </testcase> <!-- @BeforeClass setUpClass -->
</testsuite> <!-- Surefire test -->
